19257 615
inside spkTime 2 vector
615 24560.0 24965.35
cmputing FFT
computing IFFT
DONE
15885 58
inside spkTime 2 vector
58 2280.0 23976.65
cmputing FFT
computing IFFT
DONE
11181 424
inside spkTime 2 vector
424 16920.0 24916.75
cmputing FFT
computing IFFT
DONE
10339 93
inside spkTime 2 vector
93 3680.0 24859.35
cmputing FFT
computing IFFT
DONE
15394 154
inside spkTime 2 vector
154 6120.0 24902.55
cmputing FFT
computing IFFT
DONE
19310 298
inside spkTime 2 vector
298 11880.0 24935.55
cmputing FFT
computing IFFT
DONE
14518 77
inside spkTime 2 vector
77 3040.0 24798.25
cmputing FFT
computing IFFT
DONE
17617 311
inside spkTime 2 vector
311 12400.0 24917.45
cmputing FFT
computing IFFT
DONE
17807 218
inside spkTime 2 vector
218 8680.0 24761.2
cmputing FFT
computing IFFT
DONE
13155 974
inside spkTime 2 vector
974 38920.0 24979.05
cmputing FFT
computing IFFT
DONE
13812 758
inside spkTime 2 vector
758 30280.0 24966.5
cmputing FFT
computing IFFT
DONE
13269 173
inside spkTime 2 vector
173 6880.0 24848.2
cmputing FFT
computing IFFT
DONE
10433 344
inside spkTime 2 vector
344 13720.0 24985.75
cmputing FFT
computing IFFT
DONE
18271 174
inside spkTime 2 vector
174 6920.0 24965.05
cmputing FFT
computing IFFT
DONE
14802 188
inside spkTime 2 vector
188 7480.0 24862.65
cmputing FFT
computing IFFT
DONE
15099 208
inside spkTime 2 vector
208 8280.0 24992.8
cmputing FFT
computing IFFT
DONE
18932 194
inside spkTime 2 vector
194 7720.0 24934.85
cmputing FFT
computing IFFT
DONE
13494 63
inside spkTime 2 vector
63 2480.0 24969.4
cmputing FFT
computing IFFT
DONE
13742 196
inside spkTime 2 vector
196 7800.0 24681.45
cmputing FFT
computing IFFT
DONE
18561 3655
inside spkTime 2 vector
3655 146160.0 24996.75
cmputing FFT
computing IFFT
DONE
12733 200
inside spkTime 2 vector
200 7960.0 24760.15
cmputing FFT
computing IFFT
DONE
14959 399
inside spkTime 2 vector
399 15920.0 24890.55
cmputing FFT
computing IFFT
DONE
14728 244
inside spkTime 2 vector
244 9720.0 24807.65
cmputing FFT
computing IFFT
DONE
12924 148
inside spkTime 2 vector
148 5880.0 24955.45
cmputing FFT
computing IFFT
DONE
17048 1155
inside spkTime 2 vector
1155 46160.0 24996.55
cmputing FFT
computing IFFT
DONE
14985 51
inside spkTime 2 vector
51 2000.0 24849.6
cmputing FFT
computing IFFT
DONE
12078 140
inside spkTime 2 vector
140 5560.0 24994.25
cmputing FFT
computing IFFT
DONE
13740 60
inside spkTime 2 vector
60 2360.0 24514.75
cmputing FFT
computing IFFT
DONE
10494 359
inside spkTime 2 vector
359 14320.0 24965.65
cmputing FFT
computing IFFT
DONE
15529 940
inside spkTime 2 vector
940 37560.0 24983.6
cmputing FFT
computing IFFT
DONE
19071 52
inside spkTime 2 vector
52 2040.0 22715.75
cmputing FFT
computing IFFT
DONE
19217 57
inside spkTime 2 vector
57 2240.0 24413.0
cmputing FFT
computing IFFT
DONE
17418 436
inside spkTime 2 vector
436 17400.0 24977.4
cmputing FFT
computing IFFT
DONE
13391 51
inside spkTime 2 vector
51 2000.0 24921.25
cmputing FFT
computing IFFT
DONE
19667 401
inside spkTime 2 vector
401 16000.0 24953.85
cmputing FFT
computing IFFT
DONE
19557 407
inside spkTime 2 vector
407 16240.0 24975.45
cmputing FFT
computing IFFT
DONE
16740 111
inside spkTime 2 vector
111 4400.0 24947.85
cmputing FFT
computing IFFT
DONE
18989 629
inside spkTime 2 vector
629 25120.0 24886.95
cmputing FFT
computing IFFT
DONE
15017 240
inside spkTime 2 vector
240 9560.0 24942.55
cmputing FFT
computing IFFT
DONE
14411 184
inside spkTime 2 vector
184 7320.0 24890.75
cmputing FFT
computing IFFT
DONE
12775 102
inside spkTime 2 vector
102 4040.0 24704.45
cmputing FFT
computing IFFT
DONE
18521 409
inside spkTime 2 vector
409 16320.0 24954.45
cmputing FFT
computing IFFT
DONE
14728 244
inside spkTime 2 vector
244 9720.0 24807.65
cmputing FFT
computing IFFT
DONE
13010 367
inside spkTime 2 vector
367 14640.0 24974.45
cmputing FFT
computing IFFT
DONE
10937 171
inside spkTime 2 vector
171 6800.0 24902.0
cmputing FFT
computing IFFT
DONE
15997 204
inside spkTime 2 vector
204 8120.0 24754.6
cmputing FFT
computing IFFT
DONE
10602 65
inside spkTime 2 vector
65 2560.0 24910.25
cmputing FFT
computing IFFT
DONE
11588 239
inside spkTime 2 vector
239 9520.0 24934.55
cmputing FFT
computing IFFT
DONE
11090 2983
inside spkTime 2 vector
2983 119280.0 24999.1
cmputing FFT
computing IFFT
DONE
18039 1074
inside spkTime 2 vector
1074 42920.0 24907.35
cmputing FFT
computing IFFT
DONE
13263 265
inside spkTime 2 vector
265 10560.0 24930.6
cmputing FFT
computing IFFT
DONE
18737 148
inside spkTime 2 vector
148 5880.0 24893.4
cmputing FFT
computing IFFT
DONE
13335 313
inside spkTime 2 vector
313 12480.0 24854.2
cmputing FFT
computing IFFT
DONE
19158 141
inside spkTime 2 vector
141 5600.0 24862.15
cmputing FFT
computing IFFT
DONE
10166 61
inside spkTime 2 vector
61 2400.0 23908.75
cmputing FFT
computing IFFT
DONE
18767 1421
inside spkTime 2 vector
1421 56800.0 24985.05
cmputing FFT
computing IFFT
DONE
15870 103
inside spkTime 2 vector
103 4080.0 24951.85
cmputing FFT
computing IFFT
DONE
15724 399
inside spkTime 2 vector
399 15920.0 24936.7
cmputing FFT
computing IFFT
DONE
11858 129
inside spkTime 2 vector
129 5120.0 24775.4
cmputing FFT
computing IFFT
DONE
13789 203
inside spkTime 2 vector
203 8080.0 24952.25
cmputing FFT
computing IFFT
DONE
16590 1125
inside spkTime 2 vector
1125 44960.0 24999.35
cmputing FFT
computing IFFT
DONE
17564 98
inside spkTime 2 vector
98 3880.0 24872.9
cmputing FFT
computing IFFT
DONE
17678 154
inside spkTime 2 vector
154 6120.0 24798.8
cmputing FFT
computing IFFT
DONE
12441 262
inside spkTime 2 vector
262 10440.0 24874.4
cmputing FFT
computing IFFT
DONE
15736 267
inside spkTime 2 vector
267 10640.0 24996.65
cmputing FFT
computing IFFT
DONE
17669 134
inside spkTime 2 vector
134 5320.0 24944.45
cmputing FFT
computing IFFT
DONE
10093 2243
inside spkTime 2 vector
2243 89680.0 24954.35
cmputing FFT
computing IFFT
DONE
14992 124
inside spkTime 2 vector
124 4920.0 24954.0
cmputing FFT
computing IFFT
DONE
19487 67
inside spkTime 2 vector
67 2640.0 24420.45
cmputing FFT
computing IFFT
DONE
17715 60
inside spkTime 2 vector
60 2360.0 23638.85
cmputing FFT
computing IFFT
DONE
18849 212
inside spkTime 2 vector
212 8440.0 24990.15
cmputing FFT
computing IFFT
DONE
19234 1053
inside spkTime 2 vector
1053 42080.0 24990.5
cmputing FFT
computing IFFT
DONE
14688 974
inside spkTime 2 vector
974 38920.0 24939.4
cmputing FFT
computing IFFT
DONE
17390 583
inside spkTime 2 vector
583 23280.0 24955.4
cmputing FFT
computing IFFT
DONE
10560 96
inside spkTime 2 vector
96 3800.0 24988.6
cmputing FFT
computing IFFT
DONE
19272 575
inside spkTime 2 vector
575 22960.0 24995.15
cmputing FFT
computing IFFT
DONE
13953 281
inside spkTime 2 vector
281 11200.0 24956.35
cmputing FFT
computing IFFT
DONE
17744 2296
inside spkTime 2 vector
2296 91800.0 24999.6
cmputing FFT
computing IFFT
DONE
19854 68
inside spkTime 2 vector
68 2680.0 24513.7
cmputing FFT
computing IFFT
DONE
17845 597
inside spkTime 2 vector
597 23840.0 24989.7
cmputing FFT
computing IFFT
DONE
16640 2215
inside spkTime 2 vector
2215 88560.0 24981.85
cmputing FFT
computing IFFT
DONE
12657 79
inside spkTime 2 vector
79 3120.0 24554.45
cmputing FFT
computing IFFT
DONE
11922 901
inside spkTime 2 vector
901 36000.0 24996.45
cmputing FFT
computing IFFT
DONE
11851 657
inside spkTime 2 vector
657 26240.0 24876.1
cmputing FFT
computing IFFT
DONE
13236 215
inside spkTime 2 vector
215 8560.0 24433.85
cmputing FFT
computing IFFT
DONE
12039 53
inside spkTime 2 vector
53 2080.0 24751.7
cmputing FFT
computing IFFT
DONE
17247 168
inside spkTime 2 vector
168 6680.0 24988.4
cmputing FFT
computing IFFT
DONE
11542 65
inside spkTime 2 vector
65 2560.0 24637.5
cmputing FFT
computing IFFT
DONE
19881 83
inside spkTime 2 vector
83 3280.0 24966.6
cmputing FFT
computing IFFT
DONE
18455 762
inside spkTime 2 vector
762 30440.0 24997.2
cmputing FFT
computing IFFT
DONE
12527 360
inside spkTime 2 vector
360 14360.0 24914.85
cmputing FFT
computing IFFT
DONE
13068 968
inside spkTime 2 vector
968 38680.0 24960.8
cmputing FFT
computing IFFT
DONE
17243 110
inside spkTime 2 vector
110 4360.0 24717.4
cmputing FFT
computing IFFT
DONE
18204 440
inside spkTime 2 vector
440 17560.0 24986.85
cmputing FFT
computing IFFT
DONE
13257 130
inside spkTime 2 vector
130 5160.0 24874.65
cmputing FFT
computing IFFT
DONE
15022 621
inside spkTime 2 vector
621 24800.0 24930.9
cmputing FFT
computing IFFT
DONE
10356 224
inside spkTime 2 vector
224 8920.0 24792.6
cmputing FFT
computing IFFT
DONE
19482 162
inside spkTime 2 vector
162 6440.0 24866.5
cmputing FFT
computing IFFT
DONE
14878 501
inside spkTime 2 vector
501 20000.0 24981.95
cmputing FFT
computing IFFT
DONE
12402 90
inside spkTime 2 vector
90 3560.0 24917.25
cmputing FFT
computing IFFT
DONE
15826 2193
inside spkTime 2 vector
2193 87680.0 24997.95
cmputing FFT
computing IFFT
DONE
14218 77
inside spkTime 2 vector
77 3040.0 24997.65
cmputing FFT
computing IFFT
DONE
10204 219
inside spkTime 2 vector
219 8720.0 24509.25
cmputing FFT
computing IFFT
DONE
18420 185
inside spkTime 2 vector
185 7360.0 24791.6
cmputing FFT
computing IFFT
DONE
14400 2944
inside spkTime 2 vector
2944 117720.0 24999.75
cmputing FFT
computing IFFT
DONE
19786 58
inside spkTime 2 vector
58 2280.0 24104.65
cmputing FFT
computing IFFT
DONE
16717 316
inside spkTime 2 vector
316 12600.0 24996.75
cmputing FFT
computing IFFT
DONE
14863 759
inside spkTime 2 vector
759 30320.0 24943.55
cmputing FFT
computing IFFT
DONE
19101 93
inside spkTime 2 vector
93 3680.0 24606.45
cmputing FFT
computing IFFT
DONE
15950 70
inside spkTime 2 vector
70 2760.0 23944.45
cmputing FFT
computing IFFT
DONE
17879 159
inside spkTime 2 vector
159 6320.0 24769.85
cmputing FFT
computing IFFT
DONE
17505 706
inside spkTime 2 vector
706 28200.0 24987.3
cmputing FFT
computing IFFT
DONE
10681 91
inside spkTime 2 vector
91 3600.0 24528.15
cmputing FFT
computing IFFT
DONE
10693 786
inside spkTime 2 vector
786 31400.0 24956.65
cmputing FFT
computing IFFT
DONE
17716 145
inside spkTime 2 vector
145 5760.0 24919.7
cmputing FFT
computing IFFT
DONE
14754 2930
inside spkTime 2 vector
2930 117160.0 24982.8
cmputing FFT
computing IFFT
DONE
18267 441
inside spkTime 2 vector
441 17600.0 24877.6
cmputing FFT
computing IFFT
DONE
14678 526
inside spkTime 2 vector
526 21000.0 24988.2
cmputing FFT
computing IFFT
DONE
19272 575
inside spkTime 2 vector
575 22960.0 24995.15
cmputing FFT
computing IFFT
DONE
11152 610
inside spkTime 2 vector
610 24360.0 24957.05
cmputing FFT
computing IFFT
DONE
11208 132
inside spkTime 2 vector
132 5240.0 24414.6
cmputing FFT
computing IFFT
DONE
12195 471
inside spkTime 2 vector
471 18800.0 24954.5
cmputing FFT
computing IFFT
DONE
15175 520
inside spkTime 2 vector
520 20760.0 24963.2
cmputing FFT
computing IFFT
DONE
18172 527
inside spkTime 2 vector
527 21040.0 24966.65
cmputing FFT
computing IFFT
DONE
10262 90
inside spkTime 2 vector
90 3560.0 24900.3
cmputing FFT
computing IFFT
DONE
10191 84
inside spkTime 2 vector
84 3320.0 24624.05
cmputing FFT
computing IFFT
DONE
18246 103
inside spkTime 2 vector
103 4080.0 24766.55
cmputing FFT
computing IFFT
DONE
16248 683
inside spkTime 2 vector
683 27280.0 24904.5
cmputing FFT
computing IFFT
DONE
15417 159
inside spkTime 2 vector
159 6320.0 24726.4
cmputing FFT
computing IFFT
DONE
17729 268
inside spkTime 2 vector
268 10680.0 24754.55
cmputing FFT
computing IFFT
DONE
15876 128
inside spkTime 2 vector
128 5080.0 24342.4
cmputing FFT
computing IFFT
DONE
12566 702
inside spkTime 2 vector
702 28040.0 24989.55
cmputing FFT
computing IFFT
DONE
10590 225
inside spkTime 2 vector
225 8960.0 24992.5
cmputing FFT
computing IFFT
DONE
17142 1133
inside spkTime 2 vector
1133 45280.0 24993.65
cmputing FFT
computing IFFT
DONE
19032 113
inside spkTime 2 vector
113 4480.0 24924.3
cmputing FFT
computing IFFT
DONE
11505 135
inside spkTime 2 vector
135 5360.0 24938.95
cmputing FFT
computing IFFT
DONE
19696 71
inside spkTime 2 vector
71 2800.0 24847.7
cmputing FFT
computing IFFT
DONE
13024 116
inside spkTime 2 vector
116 4600.0 24308.45
cmputing FFT
computing IFFT
DONE
17282 74
inside spkTime 2 vector
74 2920.0 24674.05
cmputing FFT
computing IFFT
DONE
15045 138
inside spkTime 2 vector
138 5480.0 24891.45
cmputing FFT
computing IFFT
DONE
18687 420
inside spkTime 2 vector
420 16760.0 24890.1
cmputing FFT
computing IFFT
DONE
16944 884
inside spkTime 2 vector
884 35320.0 24999.2
cmputing FFT
computing IFFT
DONE
13536 93
inside spkTime 2 vector
93 3680.0 24852.35
cmputing FFT
computing IFFT
DONE
14090 1178
inside spkTime 2 vector
1178 47080.0 24996.5
cmputing FFT
computing IFFT
DONE
13380 75
inside spkTime 2 vector
75 2960.0 24819.25
cmputing FFT
computing IFFT
DONE
14054 79
inside spkTime 2 vector
79 3120.0 24661.75
cmputing FFT
computing IFFT
DONE
18805 95
inside spkTime 2 vector
95 3760.0 24996.45
cmputing FFT
computing IFFT
DONE
11248 57
inside spkTime 2 vector
57 2240.0 24913.4
cmputing FFT
computing IFFT
DONE
18230 354
inside spkTime 2 vector
354 14120.0 24826.65
cmputing FFT
computing IFFT
DONE
19934 199
inside spkTime 2 vector
199 7920.0 24668.3
cmputing FFT
computing IFFT
DONE
13030 76
inside spkTime 2 vector
76 3000.0 24992.9
cmputing FFT
computing IFFT
DONE
12900 400
inside spkTime 2 vector
400 15960.0 24977.95
cmputing FFT
computing IFFT
DONE
10156 98
inside spkTime 2 vector
98 3880.0 24829.85
cmputing FFT
computing IFFT
DONE
14306 87
inside spkTime 2 vector
87 3440.0 24633.85
cmputing FFT
computing IFFT
DONE
17223 54
inside spkTime 2 vector
54 2120.0 24862.15
cmputing FFT
computing IFFT
DONE
16187 78
inside spkTime 2 vector
78 3080.0 24675.75
cmputing FFT
computing IFFT
DONE
13975 316
inside spkTime 2 vector
316 12600.0 24966.4
cmputing FFT
computing IFFT
DONE
11040 989
inside spkTime 2 vector
989 39520.0 24969.4
cmputing FFT
computing IFFT
DONE
18986 426
inside spkTime 2 vector
426 17000.0 24949.7
cmputing FFT
computing IFFT
DONE
16337 225
inside spkTime 2 vector
225 8960.0 24913.2
cmputing FFT
computing IFFT
DONE
14547 1964
inside spkTime 2 vector
1964 78520.0 24971.7
cmputing FFT
computing IFFT
DONE
19406 791
inside spkTime 2 vector
791 31600.0 24950.95
cmputing FFT
computing IFFT
DONE
15271 90
inside spkTime 2 vector
90 3560.0 24899.85
cmputing FFT
computing IFFT
DONE
16130 243
inside spkTime 2 vector
243 9680.0 24804.05
cmputing FFT
computing IFFT
DONE
18038 706
inside spkTime 2 vector
706 28200.0 24797.15
cmputing FFT
computing IFFT
DONE
18021 61
inside spkTime 2 vector
61 2400.0 24508.65
cmputing FFT
computing IFFT
DONE
16265 151
inside spkTime 2 vector
151 6000.0 24973.35
cmputing FFT
computing IFFT
DONE
15769 108
inside spkTime 2 vector
108 4280.0 24815.45
cmputing FFT
computing IFFT
DONE
11018 80
inside spkTime 2 vector
80 3160.0 24451.0
cmputing FFT
computing IFFT
DONE
18776 334
inside spkTime 2 vector
334 13320.0 24949.95
cmputing FFT
computing IFFT
DONE
17744 2296
inside spkTime 2 vector
2296 91800.0 24999.6
cmputing FFT
computing IFFT
DONE
14026 67
inside spkTime 2 vector
67 2640.0 23658.1
cmputing FFT
computing IFFT
DONE
19892 69
inside spkTime 2 vector
69 2720.0 23861.65
cmputing FFT
computing IFFT
DONE
17870 78
inside spkTime 2 vector
78 3080.0 24833.55
cmputing FFT
computing IFFT
DONE
10345 821
inside spkTime 2 vector
821 32800.0 24996.3
cmputing FFT
computing IFFT
DONE
16876 586
inside spkTime 2 vector
586 23400.0 24980.3
cmputing FFT
computing IFFT
DONE
11286 143
inside spkTime 2 vector
143 5680.0 24684.75
cmputing FFT
computing IFFT
DONE
10152 2261
inside spkTime 2 vector
2261 90400.0 24997.1
cmputing FFT
computing IFFT
DONE
15236 63
inside spkTime 2 vector
63 2480.0 24992.7
cmputing FFT
computing IFFT
DONE
14892 53
inside spkTime 2 vector
53 2080.0 23984.2
cmputing FFT
computing IFFT
DONE
18129 1042
inside spkTime 2 vector
1042 41640.0 24987.25
cmputing FFT
computing IFFT
DONE
16506 1056
inside spkTime 2 vector
1056 42200.0 24996.8
cmputing FFT
computing IFFT
DONE
18784 218
inside spkTime 2 vector
218 8680.0 24934.3
cmputing FFT
computing IFFT
DONE
17407 76
inside spkTime 2 vector
76 3000.0 24687.05
cmputing FFT
computing IFFT
DONE
15569 73
inside spkTime 2 vector
73 2880.0 24749.1
cmputing FFT
computing IFFT
DONE
19279 148
inside spkTime 2 vector
148 5880.0 24415.1
cmputing FFT
computing IFFT
DONE
11323 122
inside spkTime 2 vector
122 4840.0 24749.45
cmputing FFT
computing IFFT
DONE
19275 232
inside spkTime 2 vector
232 9240.0 24851.1
cmputing FFT
computing IFFT
DONE
12261 279
inside spkTime 2 vector
279 11120.0 24940.65
cmputing FFT
computing IFFT
DONE
13379 1268
inside spkTime 2 vector
1268 50680.0 24989.75
cmputing FFT
computing IFFT
DONE
14349 633
inside spkTime 2 vector
633 25280.0 24848.25
cmputing FFT
computing IFFT
DONE
17836 107
inside spkTime 2 vector
107 4240.0 24523.2
cmputing FFT
computing IFFT
DONE
19048 1495
inside spkTime 2 vector
1495 59760.0 24984.95
cmputing FFT
computing IFFT
DONE
19603 57
inside spkTime 2 vector
57 2240.0 24927.2
cmputing FFT
computing IFFT
DONE
19394 64
inside spkTime 2 vector
64 2520.0 24978.95
cmputing FFT
computing IFFT
DONE
12219 220
inside spkTime 2 vector
220 8760.0 24961.6
cmputing FFT
computing IFFT
DONE
19191 717
inside spkTime 2 vector
717 28640.0 24993.45
cmputing FFT
computing IFFT
DONE
18423 92
inside spkTime 2 vector
92 3640.0 24252.5
cmputing FFT
computing IFFT
DONE
16130 243
inside spkTime 2 vector
243 9680.0 24804.05
cmputing FFT
computing IFFT
DONE
19684 329
inside spkTime 2 vector
329 13120.0 24763.85
cmputing FFT
computing IFFT
DONE
14810 169
inside spkTime 2 vector
169 6720.0 24915.7
cmputing FFT
computing IFFT
DONE
11290 638
inside spkTime 2 vector
638 25480.0 24988.75
cmputing FFT
computing IFFT
DONE
18255 356
inside spkTime 2 vector
356 14200.0 24974.8
cmputing FFT
computing IFFT
DONE
10715 63
inside spkTime 2 vector
63 2480.0 24989.3
cmputing FFT
computing IFFT
DONE
17086 63
inside spkTime 2 vector
63 2480.0 24769.2
cmputing FFT
computing IFFT
DONE
19590 65
inside spkTime 2 vector
65 2560.0 24958.65
cmputing FFT
computing IFFT
DONE
14793 77
inside spkTime 2 vector
77 3040.0 24759.45
cmputing FFT
computing IFFT
DONE
16914 166
inside spkTime 2 vector
166 6600.0 24993.7
cmputing FFT
computing IFFT
DONE
15765 74
inside spkTime 2 vector
74 2920.0 24342.35
cmputing FFT
computing IFFT
DONE
19426 181
inside spkTime 2 vector
181 7200.0 24881.95
cmputing FFT
computing IFFT
DONE
19390 407
inside spkTime 2 vector
407 16240.0 24995.55
cmputing FFT
computing IFFT
DONE
17051 856
inside spkTime 2 vector
856 34200.0 24907.85
cmputing FFT
computing IFFT
DONE
14823 117
inside spkTime 2 vector
117 4640.0 24929.55
cmputing FFT
computing IFFT
DONE
18303 340
inside spkTime 2 vector
340 13560.0 24944.05
cmputing FFT
computing IFFT
DONE
17237 60
inside spkTime 2 vector
60 2360.0 24943.9
cmputing FFT
computing IFFT
DONE
10851 95
inside spkTime 2 vector
95 3760.0 24861.25
cmputing FFT
computing IFFT
DONE
17134 147
inside spkTime 2 vector
147 5840.0 24415.25
cmputing FFT
computing IFFT
DONE
13691 98
inside spkTime 2 vector
98 3880.0 24937.65
cmputing FFT
computing IFFT
DONE
18324 779
inside spkTime 2 vector
779 31120.0 24982.6
cmputing FFT
computing IFFT
DONE
14255 568
inside spkTime 2 vector
568 22680.0 24966.75
cmputing FFT
computing IFFT
DONE
12535 182
inside spkTime 2 vector
182 7240.0 24495.2
cmputing FFT
computing IFFT
DONE
19842 725
inside spkTime 2 vector
725 28960.0 24998.9
cmputing FFT
computing IFFT
DONE
10727 1301
inside spkTime 2 vector
1301 52000.0 24981.1
cmputing FFT
computing IFFT
DONE
10290 70
inside spkTime 2 vector
70 2760.0 24702.15
cmputing FFT
computing IFFT
DONE
14490 110
inside spkTime 2 vector
110 4360.0 24889.3
cmputing FFT
computing IFFT
DONE
14792 806
inside spkTime 2 vector
806 32200.0 24974.3
cmputing FFT
computing IFFT
DONE
11545 300
inside spkTime 2 vector
300 11960.0 24768.4
cmputing FFT
computing IFFT
DONE
16628 2065
inside spkTime 2 vector
2065 82560.0 24988.5
cmputing FFT
computing IFFT
DONE
13386 251
inside spkTime 2 vector
251 10000.0 24995.15
cmputing FFT
computing IFFT
DONE
13898 152
inside spkTime 2 vector
152 6040.0 24855.05
cmputing FFT
computing IFFT
DONE
16092 314
inside spkTime 2 vector
314 12520.0 24930.75
cmputing FFT
computing IFFT
DONE
19227 84
inside spkTime 2 vector
84 3320.0 24977.8
cmputing FFT
computing IFFT
DONE
16758 71
inside spkTime 2 vector
71 2800.0 24981.4
cmputing FFT
computing IFFT
DONE
16855 84
inside spkTime 2 vector
84 3320.0 24857.55
cmputing FFT
computing IFFT
DONE
11235 101
inside spkTime 2 vector
101 4000.0 24884.9
cmputing FFT
computing IFFT
DONE
12857 451
inside spkTime 2 vector
451 18000.0 24971.15
cmputing FFT
computing IFFT
DONE
18710 80
inside spkTime 2 vector
80 3160.0 24755.05
cmputing FFT
computing IFFT
DONE
18317 280
inside spkTime 2 vector
280 11160.0 24998.25
cmputing FFT
computing IFFT
DONE
10628 1781
inside spkTime 2 vector
1781 71200.0 24998.35
cmputing FFT
computing IFFT
DONE
17945 106
inside spkTime 2 vector
106 4200.0 24964.1
cmputing FFT
computing IFFT
DONE
10723 121
inside spkTime 2 vector
121 4800.0 24951.05
cmputing FFT
computing IFFT
DONE
14633 607
inside spkTime 2 vector
607 24240.0 24982.1
cmputing FFT
computing IFFT
DONE
19259 735
inside spkTime 2 vector
735 29360.0 24969.9
cmputing FFT
computing IFFT
DONE
18108 51
inside spkTime 2 vector
51 2000.0 24772.5
cmputing FFT
computing IFFT
DONE
14572 428
inside spkTime 2 vector
428 17080.0 24947.7
cmputing FFT
computing IFFT
DONE
16242 617
inside spkTime 2 vector
617 24640.0 24978.4
cmputing FFT
computing IFFT
DONE
15451 105
inside spkTime 2 vector
105 4160.0 24992.9
cmputing FFT
computing IFFT
DONE
19679 214
inside spkTime 2 vector
214 8520.0 24873.05
cmputing FFT
computing IFFT
DONE
19622 127
inside spkTime 2 vector
127 5040.0 24885.4
cmputing FFT
computing IFFT
DONE
14067 316
inside spkTime 2 vector
316 12600.0 24846.8
cmputing FFT
computing IFFT
DONE
15454 87
inside spkTime 2 vector
87 3440.0 24871.1
cmputing FFT
computing IFFT
DONE
14209 130
inside spkTime 2 vector
130 5160.0 24699.4
cmputing FFT
computing IFFT
DONE
16743 464
inside spkTime 2 vector
464 18520.0 24971.4
cmputing FFT
computing IFFT
DONE
17681 333
inside spkTime 2 vector
333 13280.0 24996.3
cmputing FFT
computing IFFT
DONE
19070 112
inside spkTime 2 vector
112 4440.0 24996.05
cmputing FFT
computing IFFT
DONE
15271 90
inside spkTime 2 vector
90 3560.0 24899.85
cmputing FFT
computing IFFT
DONE
18917 78
inside spkTime 2 vector
78 3080.0 23870.4
cmputing FFT
computing IFFT
DONE
10566 310
inside spkTime 2 vector
310 12360.0 24821.45
cmputing FFT
computing IFFT
DONE
13830 160
inside spkTime 2 vector
160 6360.0 24963.6
cmputing FFT
computing IFFT
DONE
15179 113
inside spkTime 2 vector
113 4480.0 24718.0
cmputing FFT
computing IFFT
DONE
19140 104
inside spkTime 2 vector
104 4120.0 24390.8
cmputing FFT
computing IFFT
DONE
18787 1049
inside spkTime 2 vector
1049 41920.0 24928.05
cmputing FFT
computing IFFT
DONE
10688 1283
inside spkTime 2 vector
1283 51280.0 24985.1
cmputing FFT
computing IFFT
DONE
10446 253
inside spkTime 2 vector
253 10080.0 24698.0
cmputing FFT
computing IFFT
DONE
16375 140
inside spkTime 2 vector
140 5560.0 24699.85
cmputing FFT
computing IFFT
DONE
14183 1204
inside spkTime 2 vector
1204 48120.0 24984.5
cmputing FFT
computing IFFT
DONE
16728 276
inside spkTime 2 vector
276 11000.0 24889.2
cmputing FFT
computing IFFT
DONE
13650 1917
inside spkTime 2 vector
1917 76640.0 24992.85
cmputing FFT
computing IFFT
DONE
12294 62
inside spkTime 2 vector
62 2440.0 24989.75
cmputing FFT
computing IFFT
DONE
17361 179
inside spkTime 2 vector
179 7120.0 24801.8
cmputing FFT
computing IFFT
DONE
19130 2593
inside spkTime 2 vector
2593 103680.0 24970.5
cmputing FFT
computing IFFT
DONE
18423 92
inside spkTime 2 vector
92 3640.0 24252.5
cmputing FFT
computing IFFT
DONE
10807 658
inside spkTime 2 vector
658 26280.0 24968.15
cmputing FFT
computing IFFT
DONE
10847 646
inside spkTime 2 vector
646 25800.0 24994.95
cmputing FFT
computing IFFT
DONE
12386 1296
inside spkTime 2 vector
1296 51800.0 24991.25
cmputing FFT
computing IFFT
DONE
12970 66
inside spkTime 2 vector
66 2600.0 24496.2
cmputing FFT
computing IFFT
DONE
14810 169
inside spkTime 2 vector
169 6720.0 24915.7
cmputing FFT
computing IFFT
DONE
16234 737
inside spkTime 2 vector
737 29440.0 24889.6
cmputing FFT
computing IFFT
DONE
10997 1631
inside spkTime 2 vector
1631 65200.0 24972.75
cmputing FFT
computing IFFT
DONE
12869 103
inside spkTime 2 vector
103 4080.0 24695.95
cmputing FFT
computing IFFT
DONE
10966 465
inside spkTime 2 vector
465 18560.0 24699.4
cmputing FFT
computing IFFT
DONE
16564 841
inside spkTime 2 vector
841 33600.0 24986.65
cmputing FFT
computing IFFT
DONE
12644 83
inside spkTime 2 vector
83 3280.0 24885.1
cmputing FFT
computing IFFT
DONE
11012 176
inside spkTime 2 vector
176 7000.0 24978.3
cmputing FFT
computing IFFT
DONE
17811 55
inside spkTime 2 vector
55 2160.0 24004.95
cmputing FFT
computing IFFT
DONE
19588 628
inside spkTime 2 vector
628 25080.0 24953.2
cmputing FFT
computing IFFT
DONE
12222 66
inside spkTime 2 vector
66 2600.0 24907.2
cmputing FFT
computing IFFT
DONE
17915 62
inside spkTime 2 vector
62 2440.0 24786.35
cmputing FFT
computing IFFT
DONE
19060 1669
inside spkTime 2 vector
1669 66720.0 24995.75
cmputing FFT
computing IFFT
DONE
13405 260
inside spkTime 2 vector
260 10360.0 24643.5
cmputing FFT
computing IFFT
DONE
10013 331
inside spkTime 2 vector
331 13200.0 24995.15
cmputing FFT
computing IFFT
DONE
14128 785
inside spkTime 2 vector
785 31360.0 24925.3
cmputing FFT
computing IFFT
DONE
17601 385
inside spkTime 2 vector
385 15360.0 24827.35
cmputing FFT
computing IFFT
DONE
14699 177
inside spkTime 2 vector
177 7040.0 24627.05
cmputing FFT
computing IFFT
DONE
19137 659
inside spkTime 2 vector
659 26320.0 24924.4
cmputing FFT
computing IFFT
DONE
13936 116
inside spkTime 2 vector
116 4600.0 24827.6
cmputing FFT
computing IFFT
DONE
16367 262
inside spkTime 2 vector
262 10440.0 24999.4
cmputing FFT
computing IFFT
DONE
14087 66
inside spkTime 2 vector
66 2600.0 24713.9
cmputing FFT
computing IFFT
DONE
10490 764
inside spkTime 2 vector
764 30520.0 24999.25
cmputing FFT
computing IFFT
DONE
11101 52
inside spkTime 2 vector
52 2040.0 24411.95
cmputing FFT
computing IFFT
DONE
18983 96
inside spkTime 2 vector
96 3800.0 24859.05
cmputing FFT
computing IFFT
DONE
17580 405
inside spkTime 2 vector
405 16160.0 24951.85
cmputing FFT
computing IFFT
DONE
16265 151
inside spkTime 2 vector
151 6000.0 24973.35
cmputing FFT
computing IFFT
DONE
13858 52
inside spkTime 2 vector
52 2040.0 24932.6
cmputing FFT
computing IFFT
DONE
13260 206
inside spkTime 2 vector
206 8200.0 24954.2
cmputing FFT
computing IFFT
DONE
12789 1817
inside spkTime 2 vector
1817 72640.0 24971.5
cmputing FFT
computing IFFT
DONE
16380 166
inside spkTime 2 vector
166 6600.0 24747.3
cmputing FFT
computing IFFT
DONE
16546 107
inside spkTime 2 vector
107 4240.0 24852.65
cmputing FFT
computing IFFT
DONE
10001 63
inside spkTime 2 vector
63 2480.0 23522.6
cmputing FFT
computing IFFT
DONE
17640 130
inside spkTime 2 vector
130 5160.0 24963.5
cmputing FFT
computing IFFT
DONE
17486 146
inside spkTime 2 vector
146 5800.0 24632.7
cmputing FFT
computing IFFT
DONE
10863 121
inside spkTime 2 vector
121 4800.0 24831.2
cmputing FFT
computing IFFT
DONE
19683 256
inside spkTime 2 vector
256 10200.0 24669.85
cmputing FFT
computing IFFT
DONE
10163 83
inside spkTime 2 vector
83 3280.0 24986.4
cmputing FFT
computing IFFT
DONE
12088 59
inside spkTime 2 vector
59 2320.0 24712.4
cmputing FFT
computing IFFT
DONE
17594 92
inside spkTime 2 vector
92 3640.0 24057.9
cmputing FFT
computing IFFT
DONE
12358 784
inside spkTime 2 vector
784 31320.0 24997.75
cmputing FFT
computing IFFT
DONE
14332 64
inside spkTime 2 vector
64 2520.0 24734.55
cmputing FFT
computing IFFT
DONE
12685 1210
inside spkTime 2 vector
1210 48360.0 24995.1
cmputing FFT
computing IFFT
DONE
15077 75
inside spkTime 2 vector
75 2960.0 24888.05
cmputing FFT
computing IFFT
DONE
14806 60
inside spkTime 2 vector
60 2360.0 23477.35
cmputing FFT
computing IFFT
DONE
19770 331
inside spkTime 2 vector
331 13200.0 24862.1
cmputing FFT
computing IFFT
DONE
12777 250
inside spkTime 2 vector
250 9960.0 24828.3
cmputing FFT
computing IFFT
DONE
15111 52
inside spkTime 2 vector
52 2040.0 24726.1
cmputing FFT
computing IFFT
DONE
14545 1814
inside spkTime 2 vector
1814 72520.0 24985.4
cmputing FFT
computing IFFT
DONE
15210 923
inside spkTime 2 vector
923 36880.0 24975.45
cmputing FFT
computing IFFT
DONE
11464 119
inside spkTime 2 vector
119 4720.0 24969.05
cmputing FFT
computing IFFT
DONE
11801 918
inside spkTime 2 vector
918 36680.0 24936.95
cmputing FFT
computing IFFT
DONE
11200 312
inside spkTime 2 vector
312 12440.0 24777.8
cmputing FFT
computing IFFT
DONE
10222 166
inside spkTime 2 vector
166 6600.0 24923.55
cmputing FFT
computing IFFT
DONE
15129 352
inside spkTime 2 vector
352 14040.0 24975.35
cmputing FFT
computing IFFT
DONE
16546 107
inside spkTime 2 vector
107 4240.0 24852.65
cmputing FFT
computing IFFT
DONE
10128 65
inside spkTime 2 vector
65 2560.0 24106.7
cmputing FFT
computing IFFT
DONE
15093 1026
inside spkTime 2 vector
1026 41000.0 24980.1
cmputing FFT
computing IFFT
DONE
18695 2670
inside spkTime 2 vector
2670 106760.0 24997.85
cmputing FFT
computing IFFT
DONE
19594 142
inside spkTime 2 vector
142 5640.0 24870.85
cmputing FFT
computing IFFT
DONE
17024 359
inside spkTime 2 vector
359 14320.0 24865.7
cmputing FFT
computing IFFT
DONE
13837 215
inside spkTime 2 vector
215 8560.0 24936.15
cmputing FFT
computing IFFT
DONE
18760 72
inside spkTime 2 vector
72 2840.0 24831.85
cmputing FFT
computing IFFT
DONE
15005 314
inside spkTime 2 vector
314 12520.0 24996.0
cmputing FFT
computing IFFT
DONE
13860 226
inside spkTime 2 vector
226 9000.0 24840.3
cmputing FFT
computing IFFT
DONE
16128 699
inside spkTime 2 vector
699 27920.0 24932.25
cmputing FFT
computing IFFT
DONE
16707 373
inside spkTime 2 vector
373 14880.0 24882.3
cmputing FFT
computing IFFT
DONE
19988 64
inside spkTime 2 vector
64 2520.0 24974.95
cmputing FFT
computing IFFT
DONE
18459 1623
inside spkTime 2 vector
1623 64880.0 24970.15
cmputing FFT
computing IFFT
DONE
16630 702
inside spkTime 2 vector
702 28040.0 24983.65
cmputing FFT
computing IFFT
DONE
13993 1045
inside spkTime 2 vector
1045 41760.0 24998.95
cmputing FFT
computing IFFT
DONE
14621 256
inside spkTime 2 vector
256 10200.0 24916.55
cmputing FFT
computing IFFT
DONE
12209 573
inside spkTime 2 vector
573 22880.0 24850.8
cmputing FFT
computing IFFT
DONE
16617 65
inside spkTime 2 vector
65 2560.0 24857.95
cmputing FFT
computing IFFT
DONE
16460 440
inside spkTime 2 vector
440 17560.0 24985.2
cmputing FFT
computing IFFT
DONE
10754 103
inside spkTime 2 vector
103 4080.0 24842.4
cmputing FFT
computing IFFT
DONE
16686 143
inside spkTime 2 vector
143 5680.0 24600.3
cmputing FFT
computing IFFT
DONE
14244 598
inside spkTime 2 vector
598 23880.0 24977.4
cmputing FFT
computing IFFT
DONE
12448 162
inside spkTime 2 vector
162 6440.0 24591.85
cmputing FFT
computing IFFT
DONE
11834 506
inside spkTime 2 vector
506 20200.0 24999.55
cmputing FFT
computing IFFT
DONE
12283 69
inside spkTime 2 vector
69 2720.0 23855.5
cmputing FFT
computing IFFT
DONE
13995 179
inside spkTime 2 vector
179 7120.0 24714.9
cmputing FFT
computing IFFT
DONE
16759 553
inside spkTime 2 vector
553 22080.0 24757.45
cmputing FFT
computing IFFT
DONE
13070 552
inside spkTime 2 vector
552 22040.0 24931.2
cmputing FFT
computing IFFT
DONE
19715 228
inside spkTime 2 vector
228 9080.0 24957.5
cmputing FFT
computing IFFT
DONE
16364 167
inside spkTime 2 vector
167 6640.0 24958.0
cmputing FFT
computing IFFT
DONE
11029 67
inside spkTime 2 vector
67 2640.0 24711.4
cmputing FFT
computing IFFT
DONE
15099 208
inside spkTime 2 vector
208 8280.0 24992.8
cmputing FFT
computing IFFT
DONE
12735 158
inside spkTime 2 vector
158 6280.0 24827.0
cmputing FFT
computing IFFT
DONE
11333 276
inside spkTime 2 vector
276 11000.0 24937.25
cmputing FFT
computing IFFT
DONE
16123 77
inside spkTime 2 vector
77 3040.0 24935.2
cmputing FFT
computing IFFT
DONE
10290 70
inside spkTime 2 vector
70 2760.0 24702.15
cmputing FFT
computing IFFT
DONE
11280 239
inside spkTime 2 vector
239 9520.0 24991.1
cmputing FFT
computing IFFT
DONE
18690 600
inside spkTime 2 vector
600 23960.0 24954.85
cmputing FFT
computing IFFT
DONE
18567 126
inside spkTime 2 vector
126 5000.0 24964.35
cmputing FFT
computing IFFT
DONE
19161 86
inside spkTime 2 vector
86 3400.0 24757.4
cmputing FFT
computing IFFT
DONE
16380 166
inside spkTime 2 vector
166 6600.0 24747.3
cmputing FFT
computing IFFT
DONE
12761 315
inside spkTime 2 vector
315 12560.0 24932.8
cmputing FFT
computing IFFT
DONE
12810 801
inside spkTime 2 vector
801 32000.0 24920.95
cmputing FFT
computing IFFT
DONE
16862 65
inside spkTime 2 vector
65 2560.0 24554.85
cmputing FFT
computing IFFT
DONE
19040 266
inside spkTime 2 vector
266 10600.0 24790.1
cmputing FFT
computing IFFT
DONE
17071 152
inside spkTime 2 vector
152 6040.0 24916.9
cmputing FFT
computing IFFT
DONE
19228 234
inside spkTime 2 vector
234 9320.0 24931.8
cmputing FFT
computing IFFT
DONE
17315 355
inside spkTime 2 vector
355 14160.0 24876.0
cmputing FFT
computing IFFT
DONE
10151 99
inside spkTime 2 vector
99 3920.0 24916.7
cmputing FFT
computing IFFT
DONE
18798 869
inside spkTime 2 vector
869 34720.0 24924.25
cmputing FFT
computing IFFT
DONE
10337 85
inside spkTime 2 vector
85 3360.0 24878.7
cmputing FFT
computing IFFT
DONE
18080 81
inside spkTime 2 vector
81 3200.0 23879.65
cmputing FFT
computing IFFT
DONE
16328 517
inside spkTime 2 vector
517 20640.0 24837.05
cmputing FFT
computing IFFT
DONE
19907 53
inside spkTime 2 vector
53 2080.0 24736.45
cmputing FFT
computing IFFT
DONE
17969 259
inside spkTime 2 vector
259 10320.0 24810.65
cmputing FFT
computing IFFT
DONE
13929 55
inside spkTime 2 vector
55 2160.0 24584.05
cmputing FFT
computing IFFT
DONE
13363 109
inside spkTime 2 vector
109 4320.0 24590.7
cmputing FFT
computing IFFT
DONE
10503 350
inside spkTime 2 vector
350 13960.0 24935.4
cmputing FFT
computing IFFT
DONE
16910 274
inside spkTime 2 vector
274 10920.0 24949.95
cmputing FFT
computing IFFT
DONE
19007 95
inside spkTime 2 vector
95 3760.0 24846.65
cmputing FFT
computing IFFT
DONE
17563 315
inside spkTime 2 vector
315 12560.0 24981.15
cmputing FFT
computing IFFT
DONE
17438 156
inside spkTime 2 vector
156 6200.0 24238.85
cmputing FFT
computing IFFT
DONE
10851 95
inside spkTime 2 vector
95 3760.0 24861.25
cmputing FFT
computing IFFT
DONE
19526 2138
inside spkTime 2 vector
2138 85480.0 24997.9
cmputing FFT
computing IFFT
DONE
10206 103
inside spkTime 2 vector
103 4080.0 24979.95
cmputing FFT
computing IFFT
DONE
14973 821
inside spkTime 2 vector
821 32800.0 24924.45
cmputing FFT
computing IFFT
DONE
14346 456
inside spkTime 2 vector
456 18200.0 24989.0
cmputing FFT
computing IFFT
DONE
16361 337
inside spkTime 2 vector
337 13440.0 24805.5
cmputing FFT
computing IFFT
DONE
14176 364
inside spkTime 2 vector
364 14520.0 24999.0
cmputing FFT
computing IFFT
DONE
18031 75
inside spkTime 2 vector
75 2960.0 24786.9
cmputing FFT
computing IFFT
DONE
17573 76
inside spkTime 2 vector
76 3000.0 24755.0
cmputing FFT
computing IFFT
DONE
10604 180
inside spkTime 2 vector
180 7160.0 24899.45
cmputing FFT
computing IFFT
DONE
16309 1046
inside spkTime 2 vector
1046 41800.0 24993.85
cmputing FFT
computing IFFT
DONE
10093 2243
inside spkTime 2 vector
2243 89680.0 24954.35
cmputing FFT
computing IFFT
DONE
14736 96
inside spkTime 2 vector
96 3800.0 24765.9
cmputing FFT
computing IFFT
DONE
15887 1847
inside spkTime 2 vector
1847 73840.0 24986.6
cmputing FFT
computing IFFT
DONE
10562 98
inside spkTime 2 vector
98 3880.0 24728.75
cmputing FFT
computing IFFT
DONE
19173 367
inside spkTime 2 vector
367 14640.0 24766.4
cmputing FFT
computing IFFT
DONE
19138 63
inside spkTime 2 vector
63 2480.0 24521.25
cmputing FFT
computing IFFT
DONE
14265 87
inside spkTime 2 vector
87 3440.0 24787.1
cmputing FFT
computing IFFT
DONE
17117 707
inside spkTime 2 vector
707 28240.0 24986.45
cmputing FFT
computing IFFT
DONE
19318 134
inside spkTime 2 vector
134 5320.0 24916.5
cmputing FFT
computing IFFT
DONE
15522 321
inside spkTime 2 vector
321 12800.0 24982.3
cmputing FFT
computing IFFT
DONE
12199 461
inside spkTime 2 vector
461 18400.0 24991.9
cmputing FFT
computing IFFT
DONE
16697 161
inside spkTime 2 vector
161 6400.0 24688.0
cmputing FFT
computing IFFT
DONE
19624 158
inside spkTime 2 vector
158 6280.0 24993.25
cmputing FFT
computing IFFT
DONE
10767 735
inside spkTime 2 vector
735 29360.0 24934.4
cmputing FFT
computing IFFT
DONE
12647 63
inside spkTime 2 vector
63 2480.0 24718.3
cmputing FFT
computing IFFT
DONE
14827 452
inside spkTime 2 vector
452 18040.0 24997.85
cmputing FFT
computing IFFT
DONE
18850 53
inside spkTime 2 vector
53 2080.0 24554.9
cmputing FFT
computing IFFT
DONE
19428 1720
inside spkTime 2 vector
1720 68760.0 24951.1
cmputing FFT
computing IFFT
DONE
15646 60
inside spkTime 2 vector
60 2360.0 24530.95
cmputing FFT
computing IFFT
DONE
15527 312
inside spkTime 2 vector
312 12440.0 24994.1
cmputing FFT
computing IFFT
DONE
11302 60
inside spkTime 2 vector
60 2360.0 24837.5
cmputing FFT
computing IFFT
DONE
19482 162
inside spkTime 2 vector
162 6440.0 24866.5
cmputing FFT
computing IFFT
DONE
18360 91
inside spkTime 2 vector
91 3600.0 24927.9
cmputing FFT
computing IFFT
DONE
12515 86
inside spkTime 2 vector
86 3400.0 24695.45
cmputing FFT
computing IFFT
DONE
11555 196
inside spkTime 2 vector
196 7800.0 24882.3
cmputing FFT
computing IFFT
DONE
14273 106
inside spkTime 2 vector
106 4200.0 24821.1
cmputing FFT
computing IFFT
DONE
11182 61
inside spkTime 2 vector
61 2400.0 24372.95
cmputing FFT
computing IFFT
DONE
16265 151
inside spkTime 2 vector
151 6000.0 24973.35
cmputing FFT
computing IFFT
DONE
19485 78
inside spkTime 2 vector
78 3080.0 24783.1
cmputing FFT
computing IFFT
DONE
16527 744
inside spkTime 2 vector
744 29720.0 24989.75
cmputing FFT
computing IFFT
DONE
14821 102
inside spkTime 2 vector
102 4040.0 24881.0
cmputing FFT
computing IFFT
DONE
15434 89
inside spkTime 2 vector
89 3520.0 24892.35
cmputing FFT
computing IFFT
DONE
16241 1941
inside spkTime 2 vector
1941 77600.0 24996.3
cmputing FFT
computing IFFT
DONE
14056 127
inside spkTime 2 vector
127 5040.0 24778.05
cmputing FFT
computing IFFT
DONE
18727 143
inside spkTime 2 vector
143 5680.0 24659.75
cmputing FFT
computing IFFT
DONE
15257 113
inside spkTime 2 vector
113 4480.0 24769.75
cmputing FFT
computing IFFT
DONE
15532 200
inside spkTime 2 vector
200 7960.0 24706.1
cmputing FFT
computing IFFT
DONE
12569 882
inside spkTime 2 vector
882 35240.0 24994.95
cmputing FFT
computing IFFT
DONE
16796 117
inside spkTime 2 vector
117 4640.0 24588.25
cmputing FFT
computing IFFT
DONE
15728 63
inside spkTime 2 vector
63 2480.0 24950.05
cmputing FFT
computing IFFT
DONE
17906 417
inside spkTime 2 vector
417 16640.0 24903.05
cmputing FFT
computing IFFT
DONE
18495 163
inside spkTime 2 vector
163 6480.0 24528.2
cmputing FFT
computing IFFT
DONE
11738 292
inside spkTime 2 vector
292 11640.0 24734.6
cmputing FFT
computing IFFT
DONE
15461 110
inside spkTime 2 vector
110 4360.0 24276.95
cmputing FFT
computing IFFT
DONE
17187 451
inside spkTime 2 vector
451 18000.0 24969.85
cmputing FFT
computing IFFT
DONE
12757 347
inside spkTime 2 vector
347 13840.0 24860.4
cmputing FFT
computing IFFT
DONE
17387 538
inside spkTime 2 vector
538 21480.0 24991.35
cmputing FFT
computing IFFT
DONE
13142 56
inside spkTime 2 vector
56 2200.0 24959.65
cmputing FFT
computing IFFT
DONE
10667 1140
inside spkTime 2 vector
1140 45560.0 24993.3
cmputing FFT
computing IFFT
DONE
13705 113
inside spkTime 2 vector
113 4480.0 24976.25
cmputing FFT
computing IFFT
DONE
12390 65
inside spkTime 2 vector
65 2560.0 24441.5
cmputing FFT
computing IFFT
DONE
16364 167
inside spkTime 2 vector
167 6640.0 24958.0
cmputing FFT
computing IFFT
DONE
17678 154
inside spkTime 2 vector
154 6120.0 24798.8
cmputing FFT
computing IFFT
DONE
14447 930
inside spkTime 2 vector
930 37160.0 24982.4
cmputing FFT
computing IFFT
DONE
19223 78
inside spkTime 2 vector
78 3080.0 24552.85
cmputing FFT
computing IFFT
DONE
12191 87
inside spkTime 2 vector
87 3440.0 24554.65
cmputing FFT
computing IFFT
DONE
18109 859
inside spkTime 2 vector
859 34320.0 24996.2
cmputing FFT
computing IFFT
DONE
10487 189
inside spkTime 2 vector
189 7520.0 24838.5
cmputing FFT
computing IFFT
DONE
11919 94
inside spkTime 2 vector
94 3720.0 24743.8
cmputing FFT
computing IFFT
DONE
12097 86
inside spkTime 2 vector
86 3400.0 24646.75
cmputing FFT
computing IFFT
DONE
16384 642
inside spkTime 2 vector
642 25640.0 24992.7
cmputing FFT
computing IFFT
DONE
14592 410
inside spkTime 2 vector
410 16360.0 24999.45
cmputing FFT
computing IFFT
DONE
15957 1041
inside spkTime 2 vector
1041 41600.0 24974.65
cmputing FFT
computing IFFT
DONE
13317 355
inside spkTime 2 vector
355 14160.0 24928.15
cmputing FFT
computing IFFT
DONE
19289 100
inside spkTime 2 vector
100 3960.0 24745.9
cmputing FFT
computing IFFT
DONE
17601 385
inside spkTime 2 vector
385 15360.0 24827.35
cmputing FFT
computing IFFT
DONE
14074 70
inside spkTime 2 vector
70 2760.0 24847.35
cmputing FFT
computing IFFT
DONE
13954 588
inside spkTime 2 vector
588 23480.0 24983.85
cmputing FFT
computing IFFT
DONE
17527 361
inside spkTime 2 vector
361 14400.0 24991.8
cmputing FFT
computing IFFT
DONE
16963 115
inside spkTime 2 vector
115 4560.0 24613.7
cmputing FFT
computing IFFT
DONE
12261 279
inside spkTime 2 vector
279 11120.0 24940.65
cmputing FFT
computing IFFT
DONE
12684 1792
inside spkTime 2 vector
1792 71640.0 24981.6
cmputing FFT
computing IFFT
DONE
15237 267
inside spkTime 2 vector
267 10640.0 24922.2
cmputing FFT
computing IFFT
DONE
19989 2085
inside spkTime 2 vector
2085 83360.0 24991.35
cmputing FFT
computing IFFT
DONE
12976 338
inside spkTime 2 vector
338 13480.0 24945.9
cmputing FFT
computing IFFT
DONE
11027 214
inside spkTime 2 vector
214 8520.0 24983.05
cmputing FFT
computing IFFT
DONE
18970 58
inside spkTime 2 vector
58 2280.0 24287.55
cmputing FFT
computing IFFT
DONE
10496 926
inside spkTime 2 vector
926 37000.0 24952.45
cmputing FFT
computing IFFT
DONE
14405 332
inside spkTime 2 vector
332 13240.0 24929.6
cmputing FFT
computing IFFT
DONE
10484 152
inside spkTime 2 vector
152 6040.0 24899.55
cmputing FFT
computing IFFT
DONE
14731 275
inside spkTime 2 vector
275 10960.0 24965.65
cmputing FFT
computing IFFT
DONE
10356 224
inside spkTime 2 vector
224 8920.0 24792.6
cmputing FFT
computing IFFT
DONE
16660 148
inside spkTime 2 vector
148 5880.0 24726.1
cmputing FFT
computing IFFT
DONE
16285 324
inside spkTime 2 vector
324 12920.0 24836.8
cmputing FFT
computing IFFT
DONE
16274 162
inside spkTime 2 vector
162 6440.0 24503.45
cmputing FFT
computing IFFT
DONE
16602 183
inside spkTime 2 vector
183 7280.0 24675.35
cmputing FFT
computing IFFT
DONE
18394 135
inside spkTime 2 vector
135 5360.0 24985.05
cmputing FFT
computing IFFT
DONE
19448 156
inside spkTime 2 vector
156 6200.0 24966.65
cmputing FFT
computing IFFT
DONE
14328 198
inside spkTime 2 vector
198 7880.0 24792.45
cmputing FFT
computing IFFT
DONE
13180 609
inside spkTime 2 vector
609 24320.0 24861.6
cmputing FFT
computing IFFT
DONE
12970 66
inside spkTime 2 vector
66 2600.0 24496.2
cmputing FFT
computing IFFT
DONE
11628 182
inside spkTime 2 vector
182 7240.0 24874.05
cmputing FFT
computing IFFT
DONE
10006 248
inside spkTime 2 vector
248 9880.0 24563.35
cmputing FFT
computing IFFT
DONE
19559 87
inside spkTime 2 vector
87 3440.0 24949.25
cmputing FFT
computing IFFT
DONE
17799 808
inside spkTime 2 vector
808 32280.0 24972.3
cmputing FFT
computing IFFT
DONE
19310 298
inside spkTime 2 vector
298 11880.0 24935.55
cmputing FFT
computing IFFT
DONE
16728 276
inside spkTime 2 vector
276 11000.0 24889.2
cmputing FFT
computing IFFT
DONE
11724 72
inside spkTime 2 vector
72 2840.0 24523.85
cmputing FFT
computing IFFT
DONE
11113 1144
inside spkTime 2 vector
1144 45720.0 24996.45
cmputing FFT
computing IFFT
DONE
14366 105
inside spkTime 2 vector
105 4160.0 24876.4
cmputing FFT
computing IFFT
DONE
11195 108
inside spkTime 2 vector
108 4280.0 24487.1
cmputing FFT
computing IFFT
DONE
15935 264
inside spkTime 2 vector
264 10520.0 24910.25
cmputing FFT
computing IFFT
DONE
16515 107
inside spkTime 2 vector
107 4240.0 24820.15
cmputing FFT
computing IFFT
DONE
18382 102
inside spkTime 2 vector
102 4040.0 24892.0
cmputing FFT
computing IFFT
DONE
11063 66
inside spkTime 2 vector
66 2600.0 23842.05
cmputing FFT
computing IFFT
DONE
13695 152
inside spkTime 2 vector
152 6040.0 24943.2
cmputing FFT
computing IFFT
DONE
17660 218
inside spkTime 2 vector
218 8680.0 24911.15
cmputing FFT
computing IFFT
DONE
18422 301
inside spkTime 2 vector
301 12000.0 24953.5
cmputing FFT
computing IFFT
DONE
10030 145
inside spkTime 2 vector
145 5760.0 24973.9
cmputing FFT
computing IFFT
DONE
10867 178
inside spkTime 2 vector
178 7080.0 24916.5
cmputing FFT
computing IFFT
DONE
19694 68
inside spkTime 2 vector
68 2680.0 24974.45
cmputing FFT
computing IFFT
DONE
18593 737
inside spkTime 2 vector
737 29440.0 24961.0
cmputing FFT
computing IFFT
DONE
12357 339
inside spkTime 2 vector
339 13520.0 24985.4
cmputing FFT
computing IFFT
DONE
14870 93
inside spkTime 2 vector
93 3680.0 24922.45
cmputing FFT
computing IFFT
DONE
13914 279
inside spkTime 2 vector
279 11120.0 24950.35
cmputing FFT
computing IFFT
DONE
19236 334
inside spkTime 2 vector
334 13320.0 24864.8
cmputing FFT
computing IFFT
DONE
14657 261
inside spkTime 2 vector
261 10400.0 24960.45
cmputing FFT
computing IFFT
DONE
17885 627
inside spkTime 2 vector
627 25040.0 24879.4
cmputing FFT
computing IFFT
DONE
19001 477
inside spkTime 2 vector
477 19040.0 24851.15
cmputing FFT
computing IFFT
DONE
14718 88
inside spkTime 2 vector
88 3480.0 24941.9
cmputing FFT
computing IFFT
DONE
17886 667
inside spkTime 2 vector
667 26640.0 24977.8
cmputing FFT
computing IFFT
DONE
18477 51
inside spkTime 2 vector
51 2000.0 24538.05
cmputing FFT
computing IFFT
DONE
14627 364
inside spkTime 2 vector
364 14520.0 24967.8
cmputing FFT
computing IFFT
DONE
14362 78
inside spkTime 2 vector
78 3080.0 24873.05
cmputing FFT
computing IFFT
DONE
17829 544
inside spkTime 2 vector
544 21720.0 24988.0
cmputing FFT
computing IFFT
DONE
12100 2888
inside spkTime 2 vector
2888 115480.0 24993.75
cmputing FFT
computing IFFT
DONE
10901 584
inside spkTime 2 vector
584 23320.0 24991.0
cmputing FFT
computing IFFT
DONE
19856 69
inside spkTime 2 vector
69 2720.0 24972.4
cmputing FFT
computing IFFT
DONE
12660 91
inside spkTime 2 vector
91 3600.0 24569.95
cmputing FFT
computing IFFT
DONE
13589 301
inside spkTime 2 vector
301 12000.0 24990.95
cmputing FFT
computing IFFT
DONE
11487 57
inside spkTime 2 vector
57 2240.0 24718.95
cmputing FFT
computing IFFT
DONE
16162 108
inside spkTime 2 vector
108 4280.0 24914.6
cmputing FFT
computing IFFT
DONE
13439 1861
inside spkTime 2 vector
1861 74400.0 24998.3
cmputing FFT
computing IFFT
DONE
10838 304
inside spkTime 2 vector
304 12120.0 24991.15
cmputing FFT
computing IFFT
DONE
19855 1436
inside spkTime 2 vector
1436 57400.0 24998.55
cmputing FFT
computing IFFT
DONE
19036 321
inside spkTime 2 vector
321 12800.0 24873.55
cmputing FFT
computing IFFT
DONE
16428 1414
inside spkTime 2 vector
1414 56520.0 24996.4
cmputing FFT
computing IFFT
DONE
10249 73
inside spkTime 2 vector
73 2880.0 24668.2
cmputing FFT
computing IFFT
DONE
11475 107
inside spkTime 2 vector
107 4240.0 24681.75
cmputing FFT
computing IFFT
DONE
14431 917
inside spkTime 2 vector
917 36640.0 24988.15
cmputing FFT
computing IFFT
DONE
19495 60
inside spkTime 2 vector
60 2360.0 24525.3
cmputing FFT
computing IFFT
DONE
16940 52
inside spkTime 2 vector
52 2040.0 24542.1
cmputing FFT
computing IFFT
DONE
18141 287
inside spkTime 2 vector
287 11440.0 24992.75
cmputing FFT
computing IFFT
DONE
17347 419
inside spkTime 2 vector
419 16720.0 24648.4
cmputing FFT
computing IFFT
DONE
11453 117
inside spkTime 2 vector
117 4640.0 24854.0
cmputing FFT
computing IFFT
DONE
10623 221
inside spkTime 2 vector
221 8800.0 24970.3
cmputing FFT
computing IFFT
DONE
15327 633
inside spkTime 2 vector
633 25280.0 24959.3
cmputing FFT
computing IFFT
DONE
18665 452
inside spkTime 2 vector
452 18040.0 24933.15
cmputing FFT
computing IFFT
DONE
12757 347
inside spkTime 2 vector
347 13840.0 24860.4
cmputing FFT
computing IFFT
DONE
17251 54
inside spkTime 2 vector
54 2120.0 24353.3
cmputing FFT
computing IFFT
DONE
19936 183
inside spkTime 2 vector
183 7280.0 24833.75
cmputing FFT
computing IFFT
DONE
10502 449
inside spkTime 2 vector
449 17920.0 24930.15
cmputing FFT
computing IFFT
DONE
10966 465
inside spkTime 2 vector
465 18560.0 24699.4
cmputing FFT
computing IFFT
DONE
11333 276
inside spkTime 2 vector
276 11000.0 24937.25
cmputing FFT
computing IFFT
DONE
19191 717
inside spkTime 2 vector
717 28640.0 24993.45
cmputing FFT
computing IFFT
DONE
18914 337
inside spkTime 2 vector
337 13440.0 24988.3
cmputing FFT
computing IFFT
DONE
15636 57
inside spkTime 2 vector
57 2240.0 24920.2
cmputing FFT
computing IFFT
DONE
14594 165
inside spkTime 2 vector
165 6560.0 24986.3
cmputing FFT
computing IFFT
DONE
14130 336
inside spkTime 2 vector
336 13400.0 24605.9
cmputing FFT
computing IFFT
DONE
13767 510
inside spkTime 2 vector
510 20360.0 24961.55
cmputing FFT
computing IFFT
DONE
18998 716
inside spkTime 2 vector
716 28600.0 24982.9
cmputing FFT
computing IFFT
DONE
18185 106
inside spkTime 2 vector
106 4200.0 24911.55
cmputing FFT
computing IFFT
DONE
12556 106
inside spkTime 2 vector
106 4200.0 24982.2
cmputing FFT
computing IFFT
DONE
19923 101
inside spkTime 2 vector
101 4000.0 24870.8
cmputing FFT
computing IFFT
DONE
10852 689
inside spkTime 2 vector
689 27520.0 24970.05
cmputing FFT
computing IFFT
DONE
14842 816
inside spkTime 2 vector
816 32600.0 24960.9
cmputing FFT
computing IFFT
DONE
11206 75
inside spkTime 2 vector
75 2960.0 24820.35
cmputing FFT
computing IFFT
DONE
17884 508
inside spkTime 2 vector
508 20280.0 24987.6
cmputing FFT
computing IFFT
DONE
19450 101
inside spkTime 2 vector
101 4000.0 24482.7
cmputing FFT
computing IFFT
DONE
12800 660
inside spkTime 2 vector
660 26360.0 24979.95
cmputing FFT
computing IFFT
DONE
13314 68
inside spkTime 2 vector
68 2680.0 24798.15
cmputing FFT
computing IFFT
DONE
14457 2942
inside spkTime 2 vector
2942 117640.0 24987.6
cmputing FFT
computing IFFT
DONE
11234 82
inside spkTime 2 vector
82 3240.0 24749.25
cmputing FFT
computing IFFT
DONE
17336 2098
inside spkTime 2 vector
2098 83880.0 24997.4
cmputing FFT
computing IFFT
DONE
10817 112
inside spkTime 2 vector
112 4440.0 24827.95
cmputing FFT
computing IFFT
DONE
10328 1796
inside spkTime 2 vector
1796 71800.0 24996.45
cmputing FFT
computing IFFT
DONE
15511 87
inside spkTime 2 vector
87 3440.0 24909.45
cmputing FFT
computing IFFT
DONE
13918 71
inside spkTime 2 vector
71 2800.0 24586.85
cmputing FFT
computing IFFT
DONE
13433 791
inside spkTime 2 vector
791 31600.0 24998.75
cmputing FFT
computing IFFT
DONE
19470 297
inside spkTime 2 vector
297 11840.0 24971.4
cmputing FFT
computing IFFT
DONE
12832 1589
inside spkTime 2 vector
1589 63520.0 24965.8
cmputing FFT
computing IFFT
DONE
17741 268
inside spkTime 2 vector
268 10680.0 24999.1
cmputing FFT
computing IFFT
DONE
16171 407
inside spkTime 2 vector
407 16240.0 24833.55
cmputing FFT
computing IFFT
DONE
18295 145
inside spkTime 2 vector
145 5760.0 24967.3
cmputing FFT
computing IFFT
DONE
12962 300
inside spkTime 2 vector
300 11960.0 24842.2
cmputing FFT
computing IFFT
DONE
19012 337
inside spkTime 2 vector
337 13440.0 24642.8
cmputing FFT
computing IFFT
DONE
11282 179
inside spkTime 2 vector
179 7120.0 24910.1
cmputing FFT
computing IFFT
DONE
17623 93
inside spkTime 2 vector
93 3680.0 24934.35
cmputing FFT
computing IFFT
DONE
17379 71
inside spkTime 2 vector
71 2800.0 24956.05
cmputing FFT
computing IFFT
DONE
13919 102
inside spkTime 2 vector
102 4040.0 24807.0
cmputing FFT
computing IFFT
DONE
15321 53
inside spkTime 2 vector
53 2080.0 24999.7
cmputing FFT
computing IFFT
DONE
10549 2495
inside spkTime 2 vector
2495 99760.0 24993.95
cmputing FFT
computing IFFT
DONE
13044 413
inside spkTime 2 vector
413 16480.0 24994.65
cmputing FFT
computing IFFT
DONE
19862 583
inside spkTime 2 vector
583 23280.0 24915.35
cmputing FFT
computing IFFT
DONE
18884 131
inside spkTime 2 vector
131 5200.0 24628.55
cmputing FFT
computing IFFT
DONE
18208 211
inside spkTime 2 vector
211 8400.0 24596.25
cmputing FFT
computing IFFT
DONE
18937 690
inside spkTime 2 vector
690 27560.0 24963.4
cmputing FFT
computing IFFT
DONE
12253 63
inside spkTime 2 vector
63 2480.0 24676.15
cmputing FFT
computing IFFT
DONE
12922 105
inside spkTime 2 vector
105 4160.0 24940.3
cmputing FFT
computing IFFT
DONE
12375 120
inside spkTime 2 vector
120 4760.0 24977.05
cmputing FFT
computing IFFT
DONE
17287 256
inside spkTime 2 vector
256 10200.0 24924.95
cmputing FFT
computing IFFT
DONE
10242 798
inside spkTime 2 vector
798 31880.0 24980.55
cmputing FFT
computing IFFT
DONE
14959 399
inside spkTime 2 vector
399 15920.0 24890.55
cmputing FFT
computing IFFT
DONE
11038 129
inside spkTime 2 vector
129 5120.0 24497.25
cmputing FFT
computing IFFT
DONE
17988 1170
inside spkTime 2 vector
1170 46760.0 24912.75
cmputing FFT
computing IFFT
DONE
15323 80
inside spkTime 2 vector
80 3160.0 23952.45
cmputing FFT
computing IFFT
DONE
18770 192
inside spkTime 2 vector
192 7640.0 24849.9
cmputing FFT
computing IFFT
DONE
19822 111
inside spkTime 2 vector
111 4400.0 24818.25
cmputing FFT
computing IFFT
DONE
11475 107
inside spkTime 2 vector
107 4240.0 24681.75
cmputing FFT
computing IFFT
DONE
14712 183
inside spkTime 2 vector
183 7280.0 24684.95
cmputing FFT
computing IFFT
DONE
19959 155
inside spkTime 2 vector
155 6160.0 24695.75
cmputing FFT
computing IFFT
DONE
15984 590
inside spkTime 2 vector
590 23560.0 24988.85
cmputing FFT
computing IFFT
DONE
15134 129
inside spkTime 2 vector
129 5120.0 24980.75
cmputing FFT
computing IFFT
DONE
13004 441
inside spkTime 2 vector
441 17600.0 24878.7
cmputing FFT
computing IFFT
DONE
14287 221
inside spkTime 2 vector
221 8800.0 24967.2
cmputing FFT
computing IFFT
DONE
17618 144
inside spkTime 2 vector
144 5720.0 24969.85
cmputing FFT
computing IFFT
DONE
14658 1436
inside spkTime 2 vector
1436 57400.0 24948.6
cmputing FFT
computing IFFT
DONE
17297 136
inside spkTime 2 vector
136 5400.0 24974.8
cmputing FFT
computing IFFT
DONE
19294 55
inside spkTime 2 vector
55 2160.0 23341.4
cmputing FFT
computing IFFT
DONE
15896 53
inside spkTime 2 vector
53 2080.0 24355.15
cmputing FFT
computing IFFT
DONE
19698 439
inside spkTime 2 vector
439 17520.0 24934.3
cmputing FFT
computing IFFT
DONE
12370 2800
inside spkTime 2 vector
2800 111960.0 24995.65
cmputing FFT
computing IFFT
DONE
19269 131
inside spkTime 2 vector
131 5200.0 24582.6
cmputing FFT
computing IFFT
DONE
15726 100
inside spkTime 2 vector
100 3960.0 24772.0
cmputing FFT
computing IFFT
DONE
17244 946
inside spkTime 2 vector
946 37800.0 24958.15
cmputing FFT
computing IFFT
DONE
13512 266
inside spkTime 2 vector
266 10600.0 24849.25
cmputing FFT
computing IFFT
DONE
17747 126
inside spkTime 2 vector
126 5000.0 24709.2
cmputing FFT
computing IFFT
DONE
15119 122
inside spkTime 2 vector
122 4840.0 24977.85
cmputing FFT
computing IFFT
DONE
13680 249
inside spkTime 2 vector
249 9920.0 24885.6
cmputing FFT
computing IFFT
DONE
11491 268
inside spkTime 2 vector
268 10680.0 24886.95
cmputing FFT
computing IFFT
DONE
14054 79
inside spkTime 2 vector
79 3120.0 24661.75
cmputing FFT
computing IFFT
DONE
18044 298
inside spkTime 2 vector
298 11880.0 24942.2
cmputing FFT
computing IFFT
DONE
11178 298
inside spkTime 2 vector
298 11880.0 24960.0
cmputing FFT
computing IFFT
DONE
19660 388
inside spkTime 2 vector
388 15480.0 24906.0
cmputing FFT
computing IFFT
DONE
12738 149
inside spkTime 2 vector
149 5920.0 24906.55
cmputing FFT
computing IFFT
DONE
12877 1250
inside spkTime 2 vector
1250 49960.0 24984.5
cmputing FFT
computing IFFT
DONE
16801 237
inside spkTime 2 vector
237 9440.0 24932.8
cmputing FFT
computing IFFT
DONE
17402 370
inside spkTime 2 vector
370 14760.0 24978.2
cmputing FFT
computing IFFT
DONE
19850 56
inside spkTime 2 vector
56 2200.0 24297.85
cmputing FFT
computing IFFT
DONE
16683 63
inside spkTime 2 vector
63 2480.0 23475.9
cmputing FFT
computing IFFT
DONE
16042 2183
inside spkTime 2 vector
2183 87280.0 24998.25
cmputing FFT
computing IFFT
DONE
18147 1711
inside spkTime 2 vector
1711 68400.0 24992.65
cmputing FFT
computing IFFT
DONE
12290 158
inside spkTime 2 vector
158 6280.0 24721.95
cmputing FFT
computing IFFT
DONE
17047 166
inside spkTime 2 vector
166 6600.0 24892.15
cmputing FFT
computing IFFT
DONE
16241 1941
inside spkTime 2 vector
1941 77600.0 24996.3
cmputing FFT
computing IFFT
DONE
13541 296
inside spkTime 2 vector
296 11800.0 24869.35
cmputing FFT
computing IFFT
DONE
16381 781
inside spkTime 2 vector
781 31200.0 24900.15
cmputing FFT
computing IFFT
DONE
15404 633
inside spkTime 2 vector
633 25280.0 24953.9
cmputing FFT
computing IFFT
DONE
12411 663
inside spkTime 2 vector
663 26480.0 24961.0
cmputing FFT
computing IFFT
DONE
18430 844
inside spkTime 2 vector
844 33720.0 24957.7
cmputing FFT
computing IFFT
DONE
16285 324
inside spkTime 2 vector
324 12920.0 24836.8
cmputing FFT
computing IFFT
DONE
14405 332
inside spkTime 2 vector
332 13240.0 24929.6
cmputing FFT
computing IFFT
DONE
18922 1089
inside spkTime 2 vector
1089 43520.0 24990.85
cmputing FFT
computing IFFT
DONE
12887 622
inside spkTime 2 vector
622 24840.0 24994.05
cmputing FFT
computing IFFT
DONE
17564 98
inside spkTime 2 vector
98 3880.0 24872.9
cmputing FFT
computing IFFT
DONE
16653 353
inside spkTime 2 vector
353 14080.0 24931.0
cmputing FFT
computing IFFT
DONE
15094 133
inside spkTime 2 vector
133 5280.0 24964.5
cmputing FFT
computing IFFT
DONE
16588 78
inside spkTime 2 vector
78 3080.0 24887.8
cmputing FFT
computing IFFT
DONE
11557 1317
inside spkTime 2 vector
1317 52640.0 24986.1
cmputing FFT
computing IFFT
DONE
12203 121
inside spkTime 2 vector
121 4800.0 24879.0
cmputing FFT
computing IFFT
DONE
17916 68
inside spkTime 2 vector
68 2680.0 24882.2
cmputing FFT
computing IFFT
DONE
17811 55
inside spkTime 2 vector
55 2160.0 24004.95
cmputing FFT
computing IFFT
DONE
10013 331
inside spkTime 2 vector
331 13200.0 24995.15
cmputing FFT
computing IFFT
DONE
17470 939
inside spkTime 2 vector
939 37520.0 24943.8
cmputing FFT
computing IFFT
DONE
11195 108
inside spkTime 2 vector
108 4280.0 24487.1
cmputing FFT
computing IFFT
DONE
14252 84
inside spkTime 2 vector
84 3320.0 24188.25
cmputing FFT
computing IFFT
DONE
13766 2631
inside spkTime 2 vector
2631 105200.0 24999.4
cmputing FFT
computing IFFT
DONE
13151 99
inside spkTime 2 vector
99 3920.0 24603.35
cmputing FFT
computing IFFT
DONE
16228 209
inside spkTime 2 vector
209 8320.0 24999.15
cmputing FFT
computing IFFT
DONE
12246 1250
inside spkTime 2 vector
1250 49960.0 24973.75
cmputing FFT
computing IFFT
DONE
16532 156
inside spkTime 2 vector
156 6200.0 24542.15
cmputing FFT
computing IFFT
DONE
13799 118
inside spkTime 2 vector
118 4680.0 24818.9
cmputing FFT
computing IFFT
DONE
12436 972
inside spkTime 2 vector
972 38840.0 24948.15
cmputing FFT
computing IFFT
DONE
13529 319
inside spkTime 2 vector
319 12720.0 24998.35
cmputing FFT
computing IFFT
DONE
10681 91
inside spkTime 2 vector
91 3600.0 24528.15
cmputing FFT
computing IFFT
DONE
17296 228
inside spkTime 2 vector
228 9080.0 24960.95
cmputing FFT
computing IFFT
DONE
19191 717
inside spkTime 2 vector
717 28640.0 24993.45
cmputing FFT
computing IFFT
DONE
13161 151
inside spkTime 2 vector
151 6000.0 24909.35
cmputing FFT
computing IFFT
DONE
18426 167
inside spkTime 2 vector
167 6640.0 24831.65
cmputing FFT
computing IFFT
DONE
14284 183
inside spkTime 2 vector
183 7280.0 24998.85
cmputing FFT
computing IFFT
DONE
14487 229
inside spkTime 2 vector
229 9120.0 24985.5
cmputing FFT
computing IFFT
DONE
10802 90
inside spkTime 2 vector
90 3560.0 24880.2
cmputing FFT
computing IFFT
DONE
11832 457
inside spkTime 2 vector
457 18240.0 24965.65
cmputing FFT
computing IFFT
DONE
13366 97
inside spkTime 2 vector
97 3840.0 24041.4
cmputing FFT
computing IFFT
DONE
14657 261
inside spkTime 2 vector
261 10400.0 24960.45
cmputing FFT
computing IFFT
DONE
14824 69
inside spkTime 2 vector
69 2720.0 24982.0
cmputing FFT
computing IFFT
DONE
18026 292
inside spkTime 2 vector
292 11640.0 24983.2
cmputing FFT
computing IFFT
DONE
15588 596
inside spkTime 2 vector
596 23800.0 24965.35
cmputing FFT
computing IFFT
DONE
17388 170
inside spkTime 2 vector
170 6760.0 24972.4
cmputing FFT
computing IFFT
DONE
12810 801
inside spkTime 2 vector
801 32000.0 24920.95
cmputing FFT
computing IFFT
DONE
15512 276
inside spkTime 2 vector
276 11000.0 24869.85
cmputing FFT
computing IFFT
DONE
15935 264
inside spkTime 2 vector
264 10520.0 24910.25
cmputing FFT
computing IFFT
DONE
7604 169
inside spkTime 2 vector
169 6720.0 24937.65
Traceback (most recent call last):
  File "CorrFuncs.py", line 131, in <module>
    avgCorr = AvgAutoCorr(neuronsList)
  File "CorrFuncs.py", line 100, in AvgAutoCorr
    plt.bar(tmpCorr[1][:-1], tmpCorr[0], width = simDT)
  File "/usr/lib/pymodules/python2.7/matplotlib/pyplot.py", line 2089, in bar
    ret = ax.bar(left, height, width, bottom, **kwargs)
  File "/usr/lib/pymodules/python2.7/matplotlib/axes.py", line 4779, in bar
    label='_nolegend_'
  File "/usr/lib/pymodules/python2.7/matplotlib/patches.py", line 518, in __init__
    Patch.__init__(self, **kwargs)
  File "/usr/lib/pymodules/python2.7/matplotlib/patches.py", line 98, in __init__
    if len(kwargs): artist.setp(self, **kwargs)
  File "/usr/lib/pymodules/python2.7/matplotlib/artist.py", line 1179, in setp
    insp = ArtistInspector(obj)
  File "/usr/lib/pymodules/python2.7/matplotlib/artist.py", line 803, in __init__
    self.aliasd = self.get_aliases()
  File "/usr/lib/pymodules/python2.7/matplotlib/artist.py", line 818, in get_aliases
    (name.startswith('set_') or name.startswith('get_'))
KeyboardInterrupt
