[   0.    22.5   45.    67.5   90.   112.5  135.   157.5]
/homecentral/srao/Documents/code/cuda/tmp/alpha0/oriMap/testGmean/gffmean_R00.0_theta0_0.00_3.0_3000_tr0.csv
/homecentral/srao/Documents/code/cuda/tmp/alpha0/oriMap/testGmean/gffmean_R00.0_theta22_0.00_3.0_3000_tr0.csv
/homecentral/srao/Documents/code/cuda/tmp/alpha0/oriMap/testGmean/gffmean_R00.0_theta45_0.00_3.0_3000_tr0.csv
/homecentral/srao/Documents/code/cuda/tmp/alpha0/oriMap/testGmean/gffmean_R00.0_theta67_0.00_3.0_3000_tr0.csv
/homecentral/srao/Documents/code/cuda/tmp/alpha0/oriMap/testGmean/gffmean_R00.0_theta90_0.00_3.0_3000_tr0.csv
/homecentral/srao/Documents/code/cuda/tmp/alpha0/oriMap/testGmean/gffmean_R00.0_theta112_0.00_3.0_3000_tr0.csv
/homecentral/srao/Documents/code/cuda/tmp/alpha0/oriMap/testGmean/gffmean_R00.0_theta135_0.00_3.0_3000_tr0.csv
/homecentral/srao/Documents/code/cuda/tmp/alpha0/oriMap/testGmean/gffmean_R00.0_theta157_0.00_3.0_3000_tr0.csv
#neurons =  3920
Traceback (most recent call last):
  File "CorrFuncs.py", line 192, in <module>
    result = p.map(func, useTheta)
NameError: name 'func' is not defined
theta =  10
5.10204081633% 
10.2040816327% 
15.306122449% 
20.4081632653% 
25.5102040816% 
30.612244898% 
35.7142857143% 
40.8163265306% 
51.0204081633% 
61.2244897959% 
66.3265306122% 
71.4285714286% 
86.7346938776% 
91.8367346939% 
96.9387755102% 
avg rate  1.15967346939
#valide nuruons =  3920
131072 1
theta =  8
5.10204081633% 
10.2040816327% 
15.306122449% 
20.4081632653% 
25.5102040816% 
30.612244898% 
35.7142857143% 
40.8163265306% 
45.9183673469% 
51.0204081633% 
56.1224489796% 
66.3265306122% 
71.4285714286% 
86.7346938776% 
91.8367346939% 
96.9387755102% 
avg rate  1.13264795918
#valide nuruons =  3920
131072 1
theta =  0
5.10204081633% 
10.2040816327% 
15.306122449% 
20.4081632653% 
25.5102040816% 
35.7142857143% 
40.8163265306% 
45.9183673469% 
51.0204081633% 
56.1224489796% 
61.2244897959% 
66.3265306122% 
71.4285714286% 
86.7346938776% 
91.8367346939% 
96.9387755102% 
avg rate  1.09670918367
#valide nuruons =  3920
131072 1
theta =  6
5.10204081633% 
10.2040816327% 
15.306122449% 
20.4081632653% 
25.5102040816% 
35.7142857143% 
40.8163265306% 
45.9183673469% 
51.0204081633% 
61.2244897959% 
66.3265306122% 
71.4285714286% 
86.7346938776% 
91.8367346939% 
96.9387755102% 
avg rate  1.14874744898
#valide nuruons =  3920
131072 1
theta =  9
5.10204081633% 
15.306122449% 
20.4081632653% 
25.5102040816% 
35.7142857143% 
40.8163265306% 
51.0204081633% 
56.1224489796% 
61.2244897959% 
66.3265306122% 
71.4285714286% 
81.6326530612% 
86.7346938776% 
91.8367346939% 
96.9387755102% 
avg rate  1.08670408163
#valide nuruons =  3920
131072 1
#neurons =  3961
Traceback (most recent call last):
  File "CorrFuncs.py", line 192, in <module>
    result = p.map(func, useTheta)
NameError: name 'func' is not defined
theta =  10
0.0% 
5.04922999243% 
10.0984599849% 
15.1476899773% 
20.1969199697% 
30.2953799546% 
45.4430699318% 
50.4922999243% 
55.5415299167% 
70.689219894% 
75.7384498864% 
80.7876798788% 
85.8369098712% 
90.8861398637% 
95.9353698561% 
avg rate  1.072491795
#valide nuruons =  3961
131072 1
theta =  0
0.0% 
5.04922999243% 
10.0984599849% 
15.1476899773% 
20.1969199697% 
25.2461499621% 
30.2953799546% 
35.344609947% 
45.4430699318% 
50.4922999243% 
55.5415299167% 
65.6399899015% 
70.689219894% 
75.7384498864% 
80.7876798788% 
85.8369098712% 
90.8861398637% 
95.9353698561% 
avg rate  1.02448624085
#valide nuruons =  3961
131072 1
theta =  9
0.0% 
5.04922999243% 
10.0984599849% 
15.1476899773% 
20.1969199697% 
25.2461499621% 
30.2953799546% 
45.4430699318% 
50.4922999243% 
55.5415299167% 
70.689219894% 
75.7384498864% 
80.7876798788% 
85.8369098712% 
90.8861398637% 
95.9353698561% 
avg rate  1.07597323908
#valide nuruons =  3961
131072 1
theta =  8
0.0% 
5.04922999243% 
10.0984599849% 
15.1476899773% 
20.1969199697% 
25.2461499621% 
30.2953799546% 
35.344609947% 
45.4430699318% 
50.4922999243% 
55.5415299167% 
65.6399899015% 
70.689219894% 
75.7384498864% 
80.7876798788% 
85.8369098712% 
90.8861398637% 
95.9353698561% 
avg rate  theta =  7
0.0% 
5.04922999243% 
10.0984599849% 
15.1476899773% 
20.1969199697% 
25.2461499621% 
30.2953799546% 
45.4430699318% 
50.4922999243% 
55.5415299167% 
65.6399899015% 
70.689219894% 
75.7384498864% 
80.7876798788% 
85.8369098712% 
90.8861398637% 
95.9353698561% 
avg rate  1.0490406463
#valide nuruons =  3961
131072 1
theta =  6
0.0% 
5.04922999243% 
10.0984599849% 
15.1476899773% 
20.1969199697% 
30.2953799546% 
35.344609947% 
40.3938399394% 
45.4430699318% 
50.4922999243% 
55.5415299167% 
60.5907599091% 
65.6399899015% 
70.689219894% 
75.7384498864% 
80.7876798788% 
85.8369098712% 
90.8861398637% 
95.9353698561% 
avg rate  1.05820499874
#valide nuruons =  3961
131072 1
